<?xml version="1.0" encoding="UTF-8"?>
<testng-results ignored="0" total="1" passed="1" failed="0" skipped="0">
  <reporter-output>
  </reporter-output>
  <suite started-at="2023-05-25T21:19:10 IST" name="MasterSuite" finished-at="2023-05-25T21:19:32 IST" duration-ms="21978">
    <groups>
    </groups>
    <test started-at="2023-05-25T21:19:10 IST" name="Test" finished-at="2023-05-25T21:19:32 IST" duration-ms="21978">
      <class name="testCases.TC_005_AddToCartPageTest">
        <test-method is-config="true" signature="setup(java.lang.String)[pri:0, instance:testCases.TC_005_AddToCartPageTest@c730b35]" started-at="2023-05-25T21:19:11 IST" name="setup" finished-at="2023-05-25T21:19:23 IST" duration-ms="11964" status="PASS">
          <params>
            <param index="0">
              <value>
                <![CDATA[edge]]>
              </value>
            </param>
          </params>
          <reporter-output>
          </reporter-output>
        </test-method> <!-- setup -->
        <test-method signature="test_addToCart()[pri:0, instance:testCases.TC_005_AddToCartPageTest@c730b35]" started-at="2023-05-25T21:19:23 IST" name="test_addToCart" finished-at="2023-05-25T21:19:32 IST" duration-ms="9103" status="PASS">
          <reporter-output>
          </reporter-output>
        </test-method> <!-- test_addToCart -->
        <test-method is-config="true" signature="tearDown()[pri:0, instance:testCases.TC_005_AddToCartPageTest@c730b35]" started-at="2023-05-25T21:19:32 IST" name="tearDown" finished-at="2023-05-25T21:19:32 IST" duration-ms="264" status="PASS">
          <reporter-output>
          </reporter-output>
        </test-method> <!-- tearDown -->
      </class> <!-- testCases.TC_005_AddToCartPageTest -->
    </test> <!-- Test -->
  </suite> <!-- MasterSuite -->
</testng-results>
