<?xml version="1.0" encoding="UTF-8"?>
<!-- Generated by org.testng.reporters.JUnitXMLReporter -->
<testsuite ignored="1" hostname="DESKTOP-81SOS98" failures="0" tests="1" name="Test" time="17.448" errors="0" timestamp="2023-05-25T16:40:02 IST">
  <testcase classname="testCases.TC_001_AccountRegistrationTest" name="test_account_Registration" time="5.916"/>
  <testcase classname="testCases.TC_002_LoginTest" name="test_Login" time="0.0">
    <ignored/>
  </testcase> <!-- test_Login -->
</testsuite> <!-- Test -->
