<?xml version="1.0" encoding="UTF-8"?>
<!-- Generated by org.testng.reporters.JUnitXMLReporter -->
<testsuite ignored="0" hostname="DESKTOP-81SOS98" failures="0" tests="5" name="Test" time="61.271" errors="0" timestamp="2023-05-25T10:06:53 IST">
  <testcase classname="testCases.TC_003_LoginDataDrivenTest" name="test_LoginDDT" time="5.047"/>
  <testcase classname="testCases.TC_003_LoginDataDrivenTest" name="test_LoginDDT" time="12.774"/>
  <testcase classname="testCases.TC_003_LoginDataDrivenTest" name="test_LoginDDT" time="11.92"/>
  <testcase classname="testCases.TC_003_LoginDataDrivenTest" name="test_LoginDDT" time="11.713"/>
  <testcase classname="testCases.TC_003_LoginDataDrivenTest" name="test_LoginDDT" time="2.886"/>
</testsuite> <!-- Test -->
